<?xml version="1.0" encoding="UTF-8" standalone="no"?>
<!DOCTYPE log SYSTEM "logger.dtd">
<log>
<record>
  <date>2020-04-27T13:21:32</date>
  <millis>1587964892081</millis>
  <sequence>0</sequence>
  <level>START</level>
  <class>com.kms.katalon.core.logging.XmlKeywordLogger</class>
  <method>startSuite</method>
  <thread>1</thread>
  <message>Start Test Suite : Test Suites/Connect Sampler</message>
  <nestedLevel>0</nestedLevel>
  <property name="name">Connect Sampler</property>
  <property name="description"></property>
  <property name="id">Test Suites/Connect Sampler</property>
</record>
<record>
  <date>2020-04-27T13:21:32</date>
  <millis>1587964892094</millis>
  <sequence>1</sequence>
  <level>RUN_DATA</level>
  <class>com.kms.katalon.core.logging.XmlKeywordLogger</class>
  <method>logMessage</method>
  <thread>1</thread>
  <message>hostName = can - A-5CG94703SD.erni2.ch</message>
  <nestedLevel>0</nestedLevel>
  <property name="hostName">can - A-5CG94703SD.erni2.ch</property>
</record>
<record>
  <date>2020-04-27T13:21:32</date>
  <millis>1587964892096</millis>
  <sequence>2</sequence>
  <level>RUN_DATA</level>
  <class>com.kms.katalon.core.logging.XmlKeywordLogger</class>
  <method>logMessage</method>
  <thread>1</thread>
  <message>os = Windows 10 64bit</message>
  <nestedLevel>0</nestedLevel>
  <property name="os">Windows 10 64bit</property>
</record>
<record>
  <date>2020-04-27T13:21:32</date>
  <millis>1587964892097</millis>
  <sequence>3</sequence>
  <level>RUN_DATA</level>
  <class>com.kms.katalon.core.logging.XmlKeywordLogger</class>
  <method>logMessage</method>
  <thread>1</thread>
  <message>hostAddress = 10.180.98.124</message>
  <nestedLevel>0</nestedLevel>
  <property name="hostAddress">10.180.98.124</property>
</record>
<record>
  <date>2020-04-27T13:21:32</date>
  <millis>1587964892098</millis>
  <sequence>4</sequence>
  <level>RUN_DATA</level>
  <class>com.kms.katalon.core.logging.XmlKeywordLogger</class>
  <method>logMessage</method>
  <thread>1</thread>
  <message>katalonVersion = 7.3.0.1</message>
  <nestedLevel>0</nestedLevel>
  <property name="katalonVersion">7.3.0.1</property>
</record>
<record>
  <date>2020-04-27T13:21:32</date>
  <millis>1587964892287</millis>
  <sequence>5</sequence>
  <level>START</level>
  <class>com.kms.katalon.core.logging.XmlKeywordLogger</class>
  <method>startTest</method>
  <thread>1</thread>
  <message>Start Test Case : Test Cases/Smoke Test/Capacity Management - Available Employees - Verify Table</message>
  <nestedLevel>1</nestedLevel>
  <property name="name">Test Cases/Smoke Test/Capacity Management - Available Employees - Verify Table</property>
  <property name="description"></property>
  <property name="id">Test Cases/Smoke Test/Capacity Management - Available Employees - Verify Table</property>
  <property name="source">C:\\Users\\can\\Katalon Studio\\ERNI Connect - Smoke Test\\Test Cases\\Smoke Test\\Capacity Management - Available Employees - Verify Table.tc</property>
  <property name="tag"></property>
  <property name="isOptional">false</property>
</record>
<record>
  <date>2020-04-27T13:21:32</date>
  <millis>1587964892998</millis>
  <sequence>9</sequence>
  <level>START</level>
  <class>com.kms.katalon.core.logging.XmlKeywordLogger</class>
  <method>startTest</method>
  <thread>1</thread>
  <message>Start Test Case : Test Cases/Modular Component/FIRST TC Open Connect (Delay 10s)</message>
  <nestedLevel>2</nestedLevel>
  <property name="name">Test Cases/Modular Component/FIRST TC Open Connect (Delay 10s)</property>
  <property name="description"></property>
  <property name="id">Test Cases/Modular Component/FIRST TC Open Connect (Delay 10s)</property>
  <property name="source">C:\\Users\\can\\Katalon Studio\\ERNI Connect - Smoke Test\\Test Cases\\Modular Component\\FIRST TC Open Connect (Delay 10s).tc</property>
  <property name="tag"></property>
  <property name="isOptional">false</property>
</record>
<record>
  <date>2020-04-27T13:21:33</date>
  <millis>1587964893011</millis>
  <sequence>11</sequence>
  <level>INFO</level>
  <class>com.kms.katalon.core.logging.XmlKeywordLogger</class>
  <method>logMessage</method>
  <thread>1</thread>
  <message>URL = https://connect-test.erninet.ch/3#Home</message>
  <nestedLevel>2</nestedLevel>
</record>
<record>
  <date>2020-04-27T13:21:36</date>
  <millis>1587964896356</millis>
  <sequence>13</sequence>
  <level>RUN_DATA</level>
  <class>com.kms.katalon.core.logging.XmlKeywordLogger</class>
  <method>logMessage</method>
  <thread>1</thread>
  <message>sessionId = b691ec15068b45408cf1a52440655afb</message>
  <nestedLevel>2</nestedLevel>
  <property name="sessionId">b691ec15068b45408cf1a52440655afb</property>
</record>
<record>
  <date>2020-04-27T13:21:36</date>
  <millis>1587964896379</millis>
  <sequence>14</sequence>
  <level>RUN_DATA</level>
  <class>com.kms.katalon.core.logging.XmlKeywordLogger</class>
  <method>logMessage</method>
  <thread>1</thread>
  <message>browser = Chrome 81.0.4044.122</message>
  <nestedLevel>2</nestedLevel>
  <property name="browser">Chrome 81.0.4044.122</property>
</record>
<record>
  <date>2020-04-27T13:21:36</date>
  <millis>1587964896381</millis>
  <sequence>15</sequence>
  <level>RUN_DATA</level>
  <class>com.kms.katalon.core.logging.XmlKeywordLogger</class>
  <method>logMessage</method>
  <thread>1</thread>
  <message>platform = Windows 10</message>
  <nestedLevel>2</nestedLevel>
  <property name="platform">Windows 10</property>
</record>
<record>
  <date>2020-04-27T13:21:36</date>
  <millis>1587964896382</millis>
  <sequence>16</sequence>
  <level>RUN_DATA</level>
  <class>com.kms.katalon.core.logging.XmlKeywordLogger</class>
  <method>logMessage</method>
  <thread>1</thread>
  <message>seleniumVersion = 3.141.59</message>
  <nestedLevel>2</nestedLevel>
  <property name="seleniumVersion">3.141.59</property>
</record>
<record>
  <date>2020-04-27T13:21:36</date>
  <millis>1587964896384</millis>
  <sequence>17</sequence>
  <level>RUN_DATA</level>
  <class>com.kms.katalon.core.logging.XmlKeywordLogger</class>
  <method>logMessage</method>
  <thread>1</thread>
  <message>proxyInformation = ProxyInformation{proxyOption=NO_PROXY, proxyServerType=HTTP, password=, proxyServerAddress=, proxyServerPort=0, executionList=}</message>
  <nestedLevel>2</nestedLevel>
  <property name="proxyInformation">ProxyInformation{proxyOption=NO_PROXY, proxyServerType=HTTP, password=, proxyServerAddress=, proxyServerPort=0, executionList=}</property>
</record>
<record>
  <date>2020-04-27T13:21:36</date>
  <millis>1587964896427</millis>
  <sequence>18</sequence>
  <level>PASSED</level>
  <class>com.kms.katalon.core.logging.XmlKeywordLogger</class>
  <method>logMessage</method>
  <thread>1</thread>
  <message>Browser is opened with url: &amp;apos;&amp;apos;</message>
  <nestedLevel>2</nestedLevel>
</record>
<record>
  <date>2020-04-27T13:21:36</date>
  <millis>1587964896687</millis>
  <sequence>20</sequence>
  <level>PASSED</level>
  <class>com.kms.katalon.core.logging.XmlKeywordLogger</class>
  <method>logMessage</method>
  <thread>1</thread>
  <message>Current window maximized</message>
  <nestedLevel>2</nestedLevel>
</record>
<record>
  <date>2020-04-27T13:21:36</date>
  <millis>1587964896903</millis>
  <sequence>23</sequence>
  <level>PASSED</level>
  <class>com.kms.katalon.core.logging.XmlKeywordLogger</class>
  <method>logMessage</method>
  <thread>1</thread>
  <message>Navigate to &amp;apos;https://connect-test.erninet.ch/3#Home&amp;apos; successfully</message>
  <nestedLevel>2</nestedLevel>
</record>
<record>
  <date>2020-04-27T13:21:41</date>
  <millis>1587964901923</millis>
  <sequence>25</sequence>
  <level>PASSED</level>
  <class>com.kms.katalon.core.logging.XmlKeywordLogger</class>
  <method>logMessage</method>
  <thread>1</thread>
  <message>Delayed 5 second(s)</message>
  <nestedLevel>2</nestedLevel>
</record>
<record>
  <date>2020-04-27T13:21:41</date>
  <millis>1587964901923</millis>
  <sequence>26</sequence>
  <level>PASSED</level>
  <class>com.kms.katalon.core.logging.XmlKeywordLogger</class>
  <method>logMessage</method>
  <thread>1</thread>
  <message>Test Cases/Modular Component/FIRST TC Open Connect (Delay 10s)</message>
  <nestedLevel>2</nestedLevel>
</record>
<record>
  <date>2020-04-27T13:21:41</date>
  <millis>1587964901924</millis>
  <sequence>27</sequence>
  <level>END</level>
  <class>com.kms.katalon.core.logging.XmlKeywordLogger</class>
  <method>endTest</method>
  <thread>1</thread>
  <message>End Test Case : Test Cases/Modular Component/FIRST TC Open Connect (Delay 10s)</message>
  <nestedLevel>1</nestedLevel>
</record>
<record>
  <date>2020-04-27T13:21:41</date>
  <millis>1587964901931</millis>
  <sequence>28</sequence>
  <level>PASSED</level>
  <class>com.kms.katalon.core.logging.XmlKeywordLogger</class>
  <method>logMessage</method>
  <thread>1</thread>
  <message>Call Test Case &amp;apos;Test Cases/Modular Component/FIRST TC Open Connect (Delay 10s)&amp;apos; successfully</message>
  <nestedLevel>1</nestedLevel>
</record>
<record>
  <date>2020-04-27T13:21:41</date>
  <millis>1587964901993</millis>
  <sequence>31</sequence>
  <level>START</level>
  <class>com.kms.katalon.core.logging.XmlKeywordLogger</class>
  <method>startTest</method>
  <thread>1</thread>
  <message>Start Test Case : Test Cases/Modular Component/Click - Available Employees</message>
  <nestedLevel>2</nestedLevel>
  <property name="name">Test Cases/Modular Component/Click - Available Employees</property>
  <property name="description"></property>
  <property name="id">Test Cases/Modular Component/Click - Available Employees</property>
  <property name="source">C:\\Users\\can\\Katalon Studio\\ERNI Connect - Smoke Test\\Test Cases\\Modular Component\\Click - Available Employees.tc</property>
  <property name="tag"></property>
  <property name="isOptional">false</property>
</record>
<record>
  <date>2020-04-27T13:21:52</date>
  <millis>1587964912226</millis>
  <sequence>34</sequence>
  <level>PASSED</level>
  <class>com.kms.katalon.core.logging.XmlKeywordLogger</class>
  <method>logMessage</method>
  <thread>1</thread>
  <message>Delayed 10 second(s)</message>
  <nestedLevel>2</nestedLevel>
</record>
<record>
  <date>2020-04-27T13:21:53</date>
  <millis>1587964913313</millis>
  <sequence>43</sequence>
  <level>PASSED</level>
  <class>com.kms.katalon.core.logging.XmlKeywordLogger</class>
  <method>logMessage</method>
  <thread>1</thread>
  <message>Object: &amp;apos;Object Repository/Smoke Test/Capacity Management - Available Employees/Link/Link - Dashboard - Available Employees&amp;apos; is clicked on</message>
  <nestedLevel>2</nestedLevel>
</record>
<record>
  <date>2020-04-27T13:22:03</date>
  <millis>1587964923320</millis>
  <sequence>45</sequence>
  <level>PASSED</level>
  <class>com.kms.katalon.core.logging.XmlKeywordLogger</class>
  <method>logMessage</method>
  <thread>1</thread>
  <message>Delayed 10 second(s)</message>
  <nestedLevel>2</nestedLevel>
</record>
<record>
  <date>2020-04-27T13:22:03</date>
  <millis>1587964923320</millis>
  <sequence>46</sequence>
  <level>PASSED</level>
  <class>com.kms.katalon.core.logging.XmlKeywordLogger</class>
  <method>logMessage</method>
  <thread>1</thread>
  <message>Test Cases/Modular Component/Click - Available Employees</message>
  <nestedLevel>2</nestedLevel>
</record>
<record>
  <date>2020-04-27T13:22:03</date>
  <millis>1587964923320</millis>
  <sequence>47</sequence>
  <level>END</level>
  <class>com.kms.katalon.core.logging.XmlKeywordLogger</class>
  <method>endTest</method>
  <thread>1</thread>
  <message>End Test Case : Test Cases/Modular Component/Click - Available Employees</message>
  <nestedLevel>1</nestedLevel>
</record>
<record>
  <date>2020-04-27T13:22:03</date>
  <millis>1587964923320</millis>
  <sequence>48</sequence>
  <level>PASSED</level>
  <class>com.kms.katalon.core.logging.XmlKeywordLogger</class>
  <method>logMessage</method>
  <thread>1</thread>
  <message>Call Test Case &amp;apos;Test Cases/Modular Component/Click - Available Employees&amp;apos; successfully</message>
  <nestedLevel>1</nestedLevel>
</record>
<record>
  <date>2020-04-27T13:22:03</date>
  <millis>1587964923384</millis>
  <sequence>53</sequence>
  <level>WARNING</level>
  <class>com.kms.katalon.core.logging.XmlKeywordLogger</class>
  <method>logMessage</method>
  <thread>1</thread>
  <message>Timeout &amp;apos;0&amp;apos; is invalid. Using default page load timeout: &amp;apos;30&amp;apos;</message>
  <nestedLevel>1</nestedLevel>
</record>
<record>
  <date>2020-04-27T13:22:03</date>
  <millis>1587964923674</millis>
  <sequence>59</sequence>
  <level>PASSED</level>
  <class>com.kms.katalon.core.logging.XmlKeywordLogger</class>
  <method>logMessage</method>
  <thread>1</thread>
  <message>Object &amp;apos;Object Repository/Smoke Test/Capacity Management - Available Employees/Viewports/New Folder/Viewport - Available Employees - First Name&amp;apos; is present and visible in viewport</message>
  <nestedLevel>1</nestedLevel>
</record>
<record>
  <date>2020-04-27T13:22:03</date>
  <millis>1587964923725</millis>
  <sequence>64</sequence>
  <level>WARNING</level>
  <class>com.kms.katalon.core.logging.XmlKeywordLogger</class>
  <method>logMessage</method>
  <thread>1</thread>
  <message>Timeout &amp;apos;0&amp;apos; is invalid. Using default page load timeout: &amp;apos;30&amp;apos;</message>
  <nestedLevel>1</nestedLevel>
</record>
<record>
  <date>2020-04-27T13:22:04</date>
  <millis>1587964924003</millis>
  <sequence>70</sequence>
  <level>PASSED</level>
  <class>com.kms.katalon.core.logging.XmlKeywordLogger</class>
  <method>logMessage</method>
  <thread>1</thread>
  <message>Object &amp;apos;Object Repository/Smoke Test/Capacity Management - Available Employees/Viewports/New Folder/Viewport - Available Employees - First Name&amp;apos; is present and visible in viewport</message>
  <nestedLevel>1</nestedLevel>
</record>
<record>
  <date>2020-04-27T13:22:04</date>
  <millis>1587964924054</millis>
  <sequence>75</sequence>
  <level>WARNING</level>
  <class>com.kms.katalon.core.logging.XmlKeywordLogger</class>
  <method>logMessage</method>
  <thread>1</thread>
  <message>Timeout &amp;apos;0&amp;apos; is invalid. Using default page load timeout: &amp;apos;30&amp;apos;</message>
  <nestedLevel>1</nestedLevel>
</record>
<record>
  <date>2020-04-27T13:22:04</date>
  <millis>1587964924347</millis>
  <sequence>81</sequence>
  <level>PASSED</level>
  <class>com.kms.katalon.core.logging.XmlKeywordLogger</class>
  <method>logMessage</method>
  <thread>1</thread>
  <message>Object &amp;apos;Object Repository/Smoke Test/Capacity Management - Available Employees/Viewports/New Folder/Viewport - Available Employees - Service&amp;apos; is present and visible in viewport</message>
  <nestedLevel>1</nestedLevel>
</record>
<record>
  <date>2020-04-27T13:22:04</date>
  <millis>1587964924397</millis>
  <sequence>86</sequence>
  <level>WARNING</level>
  <class>com.kms.katalon.core.logging.XmlKeywordLogger</class>
  <method>logMessage</method>
  <thread>1</thread>
  <message>Timeout &amp;apos;0&amp;apos; is invalid. Using default page load timeout: &amp;apos;30&amp;apos;</message>
  <nestedLevel>1</nestedLevel>
</record>
<record>
  <date>2020-04-27T13:22:04</date>
  <millis>1587964924682</millis>
  <sequence>92</sequence>
  <level>PASSED</level>
  <class>com.kms.katalon.core.logging.XmlKeywordLogger</class>
  <method>logMessage</method>
  <thread>1</thread>
  <message>Object &amp;apos;Object Repository/Smoke Test/Capacity Management - Available Employees/Viewports/New Folder/Viewport - Available Employees - Domicile&amp;apos; is present and visible in viewport</message>
  <nestedLevel>1</nestedLevel>
</record>
<record>
  <date>2020-04-27T13:22:04</date>
  <millis>1587964924735</millis>
  <sequence>97</sequence>
  <level>WARNING</level>
  <class>com.kms.katalon.core.logging.XmlKeywordLogger</class>
  <method>logMessage</method>
  <thread>1</thread>
  <message>Timeout &amp;apos;0&amp;apos; is invalid. Using default page load timeout: &amp;apos;30&amp;apos;</message>
  <nestedLevel>1</nestedLevel>
</record>
<record>
  <date>2020-04-27T13:22:05</date>
  <millis>1587964925017</millis>
  <sequence>103</sequence>
  <level>PASSED</level>
  <class>com.kms.katalon.core.logging.XmlKeywordLogger</class>
  <method>logMessage</method>
  <thread>1</thread>
  <message>Object &amp;apos;Object Repository/Smoke Test/Capacity Management - Available Employees/Viewports/New Folder/Viewport - Available Employees - Level&amp;apos; is present and visible in viewport</message>
  <nestedLevel>1</nestedLevel>
</record>
<record>
  <date>2020-04-27T13:22:05</date>
  <millis>1587964925018</millis>
  <sequence>104</sequence>
  <level>PASSED</level>
  <class>com.kms.katalon.core.logging.XmlKeywordLogger</class>
  <method>logMessage</method>
  <thread>1</thread>
  <message>Test Cases/Smoke Test/Capacity Management - Available Employees - Verify Table</message>
  <nestedLevel>1</nestedLevel>
</record>
<record>
  <date>2020-04-27T13:22:07</date>
  <millis>1587964927052</millis>
  <sequence>105</sequence>
  <level>INFO</level>
  <class>com.kms.katalon.core.logging.XmlKeywordLogger</class>
  <method>logMessage</method>
  <thread>1</thread>
  <message>Video recording for test case &amp;apos;Test Cases/Smoke Test/Capacity Management - Available Employees - Verify Table&amp;apos; .</message>
  <nestedLevel>1</nestedLevel>
  <property name="attachment">C:\\Users\\can\\Katalon Studio\\ERNI Connect - Smoke Test\\Reports\\20200427_132129\\Connect Sampler\\20200427_132129/videos\\test_1.avi</property>
</record>
<record>
  <date>2020-04-27T13:22:07</date>
  <millis>1587964927052</millis>
  <sequence>106</sequence>
  <level>END</level>
  <class>com.kms.katalon.core.logging.XmlKeywordLogger</class>
  <method>endTest</method>
  <thread>1</thread>
  <message>End Test Case : Test Cases/Smoke Test/Capacity Management - Available Employees - Verify Table</message>
  <nestedLevel>0</nestedLevel>
</record>
<record>
  <date>2020-04-27T13:22:07</date>
  <millis>1587964927056</millis>
  <sequence>107</sequence>
  <level>START</level>
  <class>com.kms.katalon.core.logging.XmlKeywordLogger</class>
  <method>startKeyword</method>
  <thread>1</thread>
  <message>Start listener action : exportKatalonReports</message>
  <nestedLevel>0</nestedLevel>
</record>
<record>
  <date>2020-04-27T13:22:07</date>
  <millis>1587964927170</millis>
  <sequence>191</sequence>
  <level>INFO</level>
  <class>com.kms.katalon.core.logging.XmlKeywordLogger</class>
  <method>logMessage</method>
  <thread>1</thread>
  <message>Start generating HTML report folder at: C:\\Users\\can\\Katalon Studio\\ERNI Connect - Smoke Test\\Reports\\20200427_132129\\Connect Sampler\\20200427_132129...</message>
  <nestedLevel>0</nestedLevel>
</record>
<record>
  <date>2020-04-27T13:22:07</date>
  <millis>1587964927415</millis>
  <sequence>192</sequence>
  <level>INFO</level>
  <class>com.kms.katalon.core.logging.XmlKeywordLogger</class>
  <method>logMessage</method>
  <thread>1</thread>
  <message>HTML report generated</message>
  <nestedLevel>0</nestedLevel>
</record>
<record>
  <date>2020-04-27T13:22:07</date>
  <millis>1587964927415</millis>
  <sequence>193</sequence>
  <level>INFO</level>
  <class>com.kms.katalon.core.logging.XmlKeywordLogger</class>
  <method>logMessage</method>
  <thread>1</thread>
  <message>Start generating CSV report folder at: C:\\Users\\can\\Katalon Studio\\ERNI Connect - Smoke Test\\Reports\\20200427_132129\\Connect Sampler\\20200427_132129...</message>
  <nestedLevel>0</nestedLevel>
</record>
<record>
  <date>2020-04-27T13:22:07</date>
  <millis>1587964927438</millis>
  <sequence>194</sequence>
  <level>INFO</level>
  <class>com.kms.katalon.core.logging.XmlKeywordLogger</class>
  <method>logMessage</method>
  <thread>1</thread>
  <message>CSV report generated</message>
  <nestedLevel>0</nestedLevel>
</record>
<record>
  <date>2020-04-27T13:22:07</date>
  <millis>1587964927438</millis>
  <sequence>196</sequence>
  <level>END</level>
  <class>com.kms.katalon.core.logging.XmlKeywordLogger</class>
  <method>endKeyword</method>
  <thread>1</thread>
  <message>End listener action : exportKatalonReports</message>
  <nestedLevel>0</nestedLevel>
</record>
<record>
  <date>2020-04-27T13:22:07</date>
  <millis>1587964927576</millis>
  <sequence>197</sequence>
  <level>END</level>
  <class>com.kms.katalon.core.logging.XmlKeywordLogger</class>
  <method>endSuite</method>
  <thread>1</thread>
  <message>End Test Suite : Test Suites/Connect Sampler</message>
  <nestedLevel>0</nestedLevel>
</record>
</log>